c:\users\lucas\documents\universidad\2º ddv\1er cuatrimestre\programación avanzada\prácticas\prac2\prac2_v6\prac2_progav-main\x64\debug\vc142.pdb
c:\users\lucas\documents\universidad\2º ddv\1er cuatrimestre\programación avanzada\prácticas\prac2\prac2_v6\prac2_progav-main\x64\debug\vc142.idb
c:\users\lucas\documents\universidad\2º ddv\1er cuatrimestre\programación avanzada\prácticas\prac2\prac2_v6\prac2_progav-main\x64\debug\vector3d.obj
c:\users\lucas\documents\universidad\2º ddv\1er cuatrimestre\programación avanzada\prácticas\prac2\prac2_v6\prac2_progav-main\x64\debug\triangle.obj
c:\users\lucas\documents\universidad\2º ddv\1er cuatrimestre\programación avanzada\prácticas\prac2\prac2_v6\prac2_progav-main\x64\debug\torus.obj
c:\users\lucas\documents\universidad\2º ddv\1er cuatrimestre\programación avanzada\prácticas\prac2\prac2_v6\prac2_progav-main\x64\debug\teapot.obj
c:\users\lucas\documents\universidad\2º ddv\1er cuatrimestre\programación avanzada\prácticas\prac2\prac2_v6\prac2_progav-main\x64\debug\sphere.obj
c:\users\lucas\documents\universidad\2º ddv\1er cuatrimestre\programación avanzada\prácticas\prac2\prac2_v6\prac2_progav-main\x64\debug\solid.obj
c:\users\lucas\documents\universidad\2º ddv\1er cuatrimestre\programación avanzada\prácticas\prac2\prac2_v6\prac2_progav-main\x64\debug\scene.obj
c:\users\lucas\documents\universidad\2º ddv\1er cuatrimestre\programación avanzada\prácticas\prac2\prac2_v6\prac2_progav-main\x64\debug\prac2_progav.obj
c:\users\lucas\documents\universidad\2º ddv\1er cuatrimestre\programación avanzada\prácticas\prac2\prac2_v6\prac2_progav-main\x64\debug\modelloader.obj
c:\users\lucas\documents\universidad\2º ddv\1er cuatrimestre\programación avanzada\prácticas\prac2\prac2_v6\prac2_progav-main\x64\debug\model.obj
c:\users\lucas\documents\universidad\2º ddv\1er cuatrimestre\programación avanzada\prácticas\prac2\prac2_v6\prac2_progav-main\x64\debug\game.obj
c:\users\lucas\documents\universidad\2º ddv\1er cuatrimestre\programación avanzada\prácticas\prac2\prac2_v6\prac2_progav-main\x64\debug\cylinder.obj
c:\users\lucas\documents\universidad\2º ddv\1er cuatrimestre\programación avanzada\prácticas\prac2\prac2_v6\prac2_progav-main\x64\debug\cuboid.obj
c:\users\lucas\documents\universidad\2º ddv\1er cuatrimestre\programación avanzada\prácticas\prac2\prac2_v6\prac2_progav-main\x64\debug\cube.obj
c:\users\lucas\documents\universidad\2º ddv\1er cuatrimestre\programación avanzada\prácticas\prac2\prac2_v6\prac2_progav-main\x64\debug\color.obj
c:\users\lucas\documents\universidad\2º ddv\1er cuatrimestre\programación avanzada\prácticas\prac2\prac2_v6\prac2_progav-main\x64\debug\camera.obj
c:\users\lucas\documents\universidad\2º ddv\1er cuatrimestre\programación avanzada\prácticas\prac2\prac2_v6\prac2_progav-main\x64\debug\prac2_progav.ilk
c:\users\lucas\documents\universidad\2º ddv\1er cuatrimestre\programación avanzada\prácticas\prac2\prac2_v6\prac2_progav-main\x64\debug\prac2_progav.exe
c:\users\lucas\documents\universidad\2º ddv\1er cuatrimestre\programación avanzada\prácticas\prac2\prac2_v6\prac2_progav-main\x64\debug\prac2_progav.pdb
c:\users\lucas\documents\universidad\2º ddv\1er cuatrimestre\programación avanzada\prácticas\prac2\prac2_v6\prac2_progav-main\x64\debug\prac2_progav.tlog\cl.command.1.tlog
c:\users\lucas\documents\universidad\2º ddv\1er cuatrimestre\programación avanzada\prácticas\prac2\prac2_v6\prac2_progav-main\x64\debug\prac2_progav.tlog\cl.read.1.tlog
c:\users\lucas\documents\universidad\2º ddv\1er cuatrimestre\programación avanzada\prácticas\prac2\prac2_v6\prac2_progav-main\x64\debug\prac2_progav.tlog\cl.write.1.tlog
c:\users\lucas\documents\universidad\2º ddv\1er cuatrimestre\programación avanzada\prácticas\prac2\prac2_v6\prac2_progav-main\x64\debug\prac2_progav.tlog\link.command.1.tlog
c:\users\lucas\documents\universidad\2º ddv\1er cuatrimestre\programación avanzada\prácticas\prac2\prac2_v6\prac2_progav-main\x64\debug\prac2_progav.tlog\link.read.1.tlog
c:\users\lucas\documents\universidad\2º ddv\1er cuatrimestre\programación avanzada\prácticas\prac2\prac2_v6\prac2_progav-main\x64\debug\prac2_progav.tlog\link.write.1.tlog
