  Game.cpp
C:\Users\lucas\Documents\Universidad\2º DDV\1er Cuatrimestre\Programación Avanzada\Prácticas\Prac2\Prac2_V6\Prac2_ProgAv-main\Cube.h(5,10): warning C4067: símbolos (token) inesperados después de la directiva del preprocesador; se esperaba una nueva línea
C:\Users\lucas\Documents\Universidad\2º DDV\1er Cuatrimestre\Programación Avanzada\Prácticas\Prac2\Prac2_V6\Prac2_ProgAv-main\Sphere.h(20,14): warning C4244: 'return': conversión de 'const double' a 'float'; posible pérdida de datos
C:\Users\lucas\Documents\Universidad\2º DDV\1er Cuatrimestre\Programación Avanzada\Prácticas\Prac2\Prac2_V6\Prac2_ProgAv-main\Torus.h(19,14): warning C4244: 'return': conversión de 'const double' a 'float'; posible pérdida de datos
C:\Users\lucas\Documents\Universidad\2º DDV\1er Cuatrimestre\Programación Avanzada\Prácticas\Prac2\Prac2_V6\Prac2_ProgAv-main\Torus.h(23,14): warning C4244: 'return': conversión de 'const double' a 'float'; posible pérdida de datos
C:\Users\lucas\Documents\Universidad\2º DDV\1er Cuatrimestre\Programación Avanzada\Prácticas\Prac2\Prac2_V6\Prac2_ProgAv-main\Game.cpp(29,22): warning C4305: 'argumento': truncamiento de 'double' a 'const float'
C:\Users\lucas\Documents\Universidad\2º DDV\1er Cuatrimestre\Programación Avanzada\Prácticas\Prac2\Prac2_V6\Prac2_ProgAv-main\Game.cpp(36,51): warning C4305: 'argumento': truncamiento de 'double' a 'float'
C:\Users\lucas\Documents\Universidad\2º DDV\1er Cuatrimestre\Programación Avanzada\Prácticas\Prac2\Prac2_V6\Prac2_ProgAv-main\Game.cpp(37,46): warning C4305: 'argumento': truncamiento de 'double' a 'float'
C:\Users\lucas\Documents\Universidad\2º DDV\1er Cuatrimestre\Programación Avanzada\Prácticas\Prac2\Prac2_V6\Prac2_ProgAv-main\Game.cpp(38,39): warning C4305: 'argumento': truncamiento de 'double' a 'float'
C:\Users\lucas\Documents\Universidad\2º DDV\1er Cuatrimestre\Programación Avanzada\Prácticas\Prac2\Prac2_V6\Prac2_ProgAv-main\Game.cpp(46,40): warning C4305: 'argumento': truncamiento de 'double' a 'float'
C:\Users\lucas\Documents\Universidad\2º DDV\1er Cuatrimestre\Programación Avanzada\Prácticas\Prac2\Prac2_V6\Prac2_ProgAv-main\Game.cpp(49,58): warning C4305: 'argumento': truncamiento de 'double' a 'float'
C:\Users\lucas\Documents\Universidad\2º DDV\1er Cuatrimestre\Programación Avanzada\Prácticas\Prac2\Prac2_V6\Prac2_ProgAv-main\Game.cpp(51,132): warning C4305: 'argumento': truncamiento de 'double' a 'float'
C:\Users\lucas\Documents\Universidad\2º DDV\1er Cuatrimestre\Programación Avanzada\Prácticas\Prac2\Prac2_V6\Prac2_ProgAv-main\Game.cpp(56,40): warning C4305: 'argumento': truncamiento de 'double' a 'float'
C:\Users\lucas\Documents\Universidad\2º DDV\1er Cuatrimestre\Programación Avanzada\Prácticas\Prac2\Prac2_V6\Prac2_ProgAv-main\Game.cpp(58,57): warning C4305: 'argumento': truncamiento de 'double' a 'float'
C:\Users\lucas\Documents\Universidad\2º DDV\1er Cuatrimestre\Programación Avanzada\Prácticas\Prac2\Prac2_V6\Prac2_ProgAv-main\Game.cpp(59,55): warning C4305: 'argumento': truncamiento de 'double' a 'float'
C:\Users\lucas\Documents\Universidad\2º DDV\1er Cuatrimestre\Programación Avanzada\Prácticas\Prac2\Prac2_V6\Prac2_ProgAv-main\Game.cpp(61,116): warning C4305: 'argumento': truncamiento de 'double' a 'float'
C:\Users\lucas\Documents\Universidad\2º DDV\1er Cuatrimestre\Programación Avanzada\Prácticas\Prac2\Prac2_V6\Prac2_ProgAv-main\Game.cpp(65,49): warning C4305: 'argumento': truncamiento de 'double' a 'float'
C:\Users\lucas\Documents\Universidad\2º DDV\1er Cuatrimestre\Programación Avanzada\Prácticas\Prac2\Prac2_V6\Prac2_ProgAv-main\Game.cpp(66,44): warning C4305: 'argumento': truncamiento de 'double' a 'float'
C:\Users\lucas\Documents\Universidad\2º DDV\1er Cuatrimestre\Programación Avanzada\Prácticas\Prac2\Prac2_V6\Prac2_ProgAv-main\Game.cpp(69,57): warning C4305: 'argumento': truncamiento de 'double' a 'float'
C:\Users\lucas\Documents\Universidad\2º DDV\1er Cuatrimestre\Programación Avanzada\Prácticas\Prac2\Prac2_V6\Prac2_ProgAv-main\Game.cpp(75,48): warning C4305: 'argumento': truncamiento de 'double' a 'float'
C:\Users\lucas\Documents\Universidad\2º DDV\1er Cuatrimestre\Programación Avanzada\Prácticas\Prac2\Prac2_V6\Prac2_ProgAv-main\Game.cpp(76,41): warning C4305: 'argumento': truncamiento de 'double' a 'float'
C:\Users\lucas\Documents\Universidad\2º DDV\1er Cuatrimestre\Programación Avanzada\Prácticas\Prac2\Prac2_V6\Prac2_ProgAv-main\Game.cpp(78,60): warning C4305: 'argumento': truncamiento de 'double' a 'float'
C:\Users\lucas\Documents\Universidad\2º DDV\1er Cuatrimestre\Programación Avanzada\Prácticas\Prac2\Prac2_V6\Prac2_ProgAv-main\Game.cpp(79,57): warning C4305: 'argumento': truncamiento de 'double' a 'float'
C:\Users\lucas\Documents\Universidad\2º DDV\1er Cuatrimestre\Programación Avanzada\Prácticas\Prac2\Prac2_V6\Prac2_ProgAv-main\Game.cpp(85,49): warning C4305: 'argumento': truncamiento de 'double' a 'float'
C:\Users\lucas\Documents\Universidad\2º DDV\1er Cuatrimestre\Programación Avanzada\Prácticas\Prac2\Prac2_V6\Prac2_ProgAv-main\Game.cpp(86,42): warning C4305: 'argumento': truncamiento de 'double' a 'float'
C:\Users\lucas\Documents\Universidad\2º DDV\1er Cuatrimestre\Programación Avanzada\Prácticas\Prac2\Prac2_V6\Prac2_ProgAv-main\Game.cpp(88,59): warning C4305: 'argumento': truncamiento de 'double' a 'float'
C:\Users\lucas\Documents\Universidad\2º DDV\1er Cuatrimestre\Programación Avanzada\Prácticas\Prac2\Prac2_V6\Prac2_ProgAv-main\Game.cpp(89,57): warning C4305: 'argumento': truncamiento de 'double' a 'float'
C:\Users\lucas\Documents\Universidad\2º DDV\1er Cuatrimestre\Programación Avanzada\Prácticas\Prac2\Prac2_V6\Prac2_ProgAv-main\Game.cpp(91,142): warning C4305: 'argumento': truncamiento de 'double' a 'float'
C:\Users\lucas\Documents\Universidad\2º DDV\1er Cuatrimestre\Programación Avanzada\Prácticas\Prac2\Prac2_V6\Prac2_ProgAv-main\Game.cpp(95,51): warning C4305: 'argumento': truncamiento de 'double' a 'float'
C:\Users\lucas\Documents\Universidad\2º DDV\1er Cuatrimestre\Programación Avanzada\Prácticas\Prac2\Prac2_V6\Prac2_ProgAv-main\Game.cpp(96,44): warning C4305: 'argumento': truncamiento de 'double' a 'float'
C:\Users\lucas\Documents\Universidad\2º DDV\1er Cuatrimestre\Programación Avanzada\Prácticas\Prac2\Prac2_V6\Prac2_ProgAv-main\Game.cpp(98,59): warning C4305: 'argumento': truncamiento de 'double' a 'float'
C:\Users\lucas\Documents\Universidad\2º DDV\1er Cuatrimestre\Programación Avanzada\Prácticas\Prac2\Prac2_V6\Prac2_ProgAv-main\Game.cpp(99,59): warning C4305: 'argumento': truncamiento de 'double' a 'float'
  Prac1_ProgAv.vcxproj -> C:\Users\lucas\Documents\Universidad\2º DDV\1er Cuatrimestre\Programación Avanzada\Prácticas\Prac2\Prac2_V6\Prac2_ProgAv-main\x64\Debug\Prac2_ProgAv.exe
